# JRE version: Java(TM) SE Runtime Environment (8.0_181-b13) (build 1.8.0_181-b13)
# Java VM: Java HotSpot(TM) 64-Bit Server VM (25.181-b13 mixed mode windows-amd64 compressed oops)
Heap:
 PSYoungGen      total 124416K, used 20373K [0x00000000eab00000, 0x00000000f5680000, 0x0000000100000000)
  eden space 121856K, 14% used [0x00000000eab00000,0x00000000ebcb14a0,0x00000000f2200000)
  from space 2560K, 88% used [0x00000000f4080000,0x00000000f42b4050,0x00000000f4300000)
  to   space 13824K, 0% used [0x00000000f4900000,0x00000000f4900000,0x00000000f5680000)
 ParOldGen       total 84480K, used 39387K [0x00000000c0000000, 0x00000000c5280000, 0x00000000eab00000)
  object space 84480K, 46% used [0x00000000c0000000,0x00000000c2676f28,0x00000000c5280000)
 Metaspace       used 62177K, capacity 64362K, committed 64664K, reserved 1105920K
  class space    used 8303K, capacity 8794K, committed 8880K, reserved 1048576K
GC Heap History (10 events):
Event: 58.601 GC heap before
{Heap before GC invocations=18 (full 2):
 PSYoungGen      total 114176K, used 114172K [0x00000000eab00000, 0x00000000f4500000, 0x0000000100000000)
  eden space 107520K, 100% used [0x00000000eab00000,0x00000000f1400000,0x00000000f1400000)
  from space 6656K, 99% used [0x00000000f1400000,0x00000000f1a7f0c8,0x00000000f1a80000)
  to   space 10752K, 0% used [0x00000000f3a80000,0x00000000f3a80000,0x00000000f4500000)
 ParOldGen       total 45568K, used 26729K [0x00000000c0000000, 0x00000000c2c80000, 0x00000000eab00000)
  object space 45568K, 58% used [0x00000000c0000000,0x00000000c1a1a518,0x00000000c2c80000)
 Metaspace       used 53877K, capacity 55566K, committed 55728K, reserved 1097728K
  class space    used 7583K, capacity 8030K, committed 8112K, reserved 1048576K
Event: 58.680 GC heap after
Heap after GC invocations=18 (full 2):
 PSYoungGen      total 142336K, used 10733K [0x00000000eab00000, 0x00000000f5700000, 0x0000000100000000)
  eden space 131584K, 0% used [0x00000000eab00000,0x00000000eab00000,0x00000000f2b80000)
  from space 10752K, 99% used [0x00000000f3a80000,0x00000000f44fb510,0x00000000f4500000)
  to   space 15360K, 0% used [0x00000000f2b80000,0x00000000f2b80000,0x00000000f3a80000)
 ParOldGen       total 45568K, used 35184K [0x00000000c0000000, 0x00000000c2c80000, 0x00000000eab00000)
  object space 45568K, 77% used [0x00000000c0000000,0x00000000c225c148,0x00000000c2c80000)
 Metaspace       used 53877K, capacity 55566K, committed 55728K, reserved 1097728K
  class space    used 7583K, capacity 8030K, committed 8112K, reserved 1048576K
}
Event: 71.519 GC heap before
{Heap before GC invocations=19 (full 2):
 PSYoungGen      total 142336K, used 76317K [0x00000000eab00000, 0x00000000f5700000, 0x0000000100000000)
  eden space 131584K, 49% used [0x00000000eab00000,0x00000000eeb0c150,0x00000000f2b80000)
  from space 10752K, 99% used [0x00000000f3a80000,0x00000000f44fb510,0x00000000f4500000)
  to   space 15360K, 0% used [0x00000000f2b80000,0x00000000f2b80000,0x00000000f3a80000)
 ParOldGen       total 45568K, used 35184K [0x00000000c0000000, 0x00000000c2c80000, 0x00000000eab00000)
  object space 45568K, 77% used [0x00000000c0000000,0x00000000c225c148,0x00000000c2c80000)
 Metaspace       used 57268K, capacity 58988K, committed 59160K, reserved 1099776K
  class space    used 7980K, capacity 8397K, committed 8496K, reserved 1048576K
Event: 71.586 GC heap after
Heap after GC invocations=19 (full 2):
 PSYoungGen      total 146944K, used 6730K [0x00000000eab00000, 0x00000000f6400000, 0x0000000100000000)
  eden space 131584K, 0% used [0x00000000eab00000,0x00000000eab00000,0x00000000f2b80000)
  from space 15360K, 43% used [0x00000000f2b80000,0x00000000f3212b48,0x00000000f3a80000)
  to   space 14336K, 0% used [0x00000000f5600000,0x00000000f5600000,0x00000000f6400000)
 ParOldGen       total 45568K, used 44091K [0x00000000c0000000, 0x00000000c2c80000, 0x00000000eab00000)
  object space 45568K, 96% used [0x00000000c0000000,0x00000000c2b0eea8,0x00000000c2c80000)
 Metaspace       used 57268K, capacity 58988K, committed 59160K, reserved 1099776K
  class space    used 7980K, capacity 8397K, committed 8496K, reserved 1048576K
}
Event: 71.586 GC heap before
{Heap before GC invocations=20 (full 3):
 PSYoungGen      total 146944K, used 6730K [0x00000000eab00000, 0x00000000f6400000, 0x0000000100000000)
  eden space 131584K, 0% used [0x00000000eab00000,0x00000000eab00000,0x00000000f2b80000)
  from space 15360K, 43% used [0x00000000f2b80000,0x00000000f3212b48,0x00000000f3a80000)
  to   space 14336K, 0% used [0x00000000f5600000,0x00000000f5600000,0x00000000f6400000)
 ParOldGen       total 45568K, used 44091K [0x00000000c0000000, 0x00000000c2c80000, 0x00000000eab00000)
  object space 45568K, 96% used [0x00000000c0000000,0x00000000c2b0eea8,0x00000000c2c80000)
 Metaspace       used 57268K, capacity 58988K, committed 59160K, reserved 1099776K
  class space    used 7980K, capacity 8397K, committed 8496K, reserved 1048576K
Event: 72.440 GC heap after
Heap after GC invocations=20 (full 3):
 PSYoungGen      total 146944K, used 0K [0x00000000eab00000, 0x00000000f6400000, 0x0000000100000000)
  eden space 131584K, 0% used [0x00000000eab00000,0x00000000eab00000,0x00000000f2b80000)
  from space 15360K, 0% used [0x00000000f2b80000,0x00000000f2b80000,0x00000000f3a80000)
  to   space 14336K, 0% used [0x00000000f5600000,0x00000000f5600000,0x00000000f6400000)
 ParOldGen       total 84480K, used 39371K [0x00000000c0000000, 0x00000000c5280000, 0x00000000eab00000)
  object space 84480K, 46% used [0x00000000c0000000,0x00000000c2672f28,0x00000000c5280000)
 Metaspace       used 57268K, capacity 58988K, committed 59160K, reserved 1099776K
  class space    used 7980K, capacity 8397K, committed 8496K, reserved 1048576K
}
Event: 3469.195 GC heap before
{Heap before GC invocations=21 (full 3):
 PSYoungGen      total 146944K, used 131584K [0x00000000eab00000, 0x00000000f6400000, 0x0000000100000000)
  eden space 131584K, 100% used [0x00000000eab00000,0x00000000f2b80000,0x00000000f2b80000)
  from space 15360K, 0% used [0x00000000f2b80000,0x00000000f2b80000,0x00000000f3a80000)
  to   space 14336K, 0% used [0x00000000f5600000,0x00000000f5600000,0x00000000f6400000)
 ParOldGen       total 84480K, used 39371K [0x00000000c0000000, 0x00000000c5280000, 0x00000000eab00000)
  object space 84480K, 46% used [0x00000000c0000000,0x00000000c2672f28,0x00000000c5280000)
 Metaspace       used 61349K, capacity 63276K, committed 63512K, reserved 1103872K
  class space    used 8253K, capacity 8711K, committed 8752K, reserved 1048576K
Event: 3469.622 GC heap after
Heap after GC invocations=21 (full 3):
 PSYoungGen      total 132096K, used 5546K [0x00000000eab00000, 0x00000000f5b80000, 0x0000000100000000)
  eden space 126464K, 0% used [0x00000000eab00000,0x00000000eab00000,0x00000000f2680000)
  from space 5632K, 98% used [0x00000000f5600000,0x00000000f5b6aa80,0x00000000f5b80000)
  to   space 13824K, 0% used [0x00000000f4080000,0x00000000f4080000,0x00000000f4e00000)
 ParOldGen       total 84480K, used 39379K [0x00000000c0000000, 0x00000000c5280000, 0x00000000eab00000)
  object space 84480K, 46% used [0x00000000c0000000,0x00000000c2674f28,0x00000000c5280000)
 Metaspace       used 61349K, capacity 63276K, committed 63512K, reserved 1103872K
  class space    used 8253K, capacity 8711K, committed 8752K, reserved 1048576K
}
Event: 7277.649 GC heap before
{Heap before GC invocations=22 (full 3):
 PSYoungGen      total 132096K, used 132010K [0x00000000eab00000, 0x00000000f5b80000, 0x0000000100000000)
  eden space 126464K, 100% used [0x00000000eab00000,0x00000000f2680000,0x00000000f2680000)
  from space 5632K, 98% used [0x00000000f5600000,0x00000000f5b6aa80,0x00000000f5b80000)
  to   space 13824K, 0% used [0x00000000f4080000,0x00000000f4080000,0x00000000f4e00000)
 ParOldGen       total 84480K, used 39379K [0x00000000c0000000, 0x00000000c5280000, 0x00000000eab00000)
  object space 84480K, 46% used [0x00000000c0000000,0x00000000c2674f28,0x00000000c5280000)
 Metaspace       used 62156K, capacity 64356K, committed 64664K, reserved 1105920K
  class space    used 8303K, capacity 8793K, committed 8880K, reserved 1048576K
Event: 7278.012 GC heap after
Heap after GC invocations=22 (full 3):
 PSYoungGen      total 124416K, used 2256K [0x00000000eab00000, 0x00000000f5680000, 0x0000000100000000)
  eden space 121856K, 0% used [0x00000000eab00000,0x00000000eab00000,0x00000000f2200000)
  from space 2560K, 88% used [0x00000000f4080000,0x00000000f42b4050,0x00000000f4300000)
  to   space 13824K, 0% used [0x00000000f4900000,0x00000000f4900000,0x00000000f5680000)
 ParOldGen       total 84480K, used 39387K [0x00000000c0000000, 0x00000000c5280000, 0x00000000eab00000)
  object space 84480K, 46% used [0x00000000c0000000,0x00000000c2676f28,0x00000000c5280000)
 Metaspace       used 62156K, capacity 64356K, committed 64664K, reserved 1105920K
  class space    used 8303K, capacity 8793K, committed 8880K, reserved 1048576K
}

