# JRE version: Java(TM) SE Runtime Environment (8.0_181-b13) (build 1.8.0_181-b13)
# Java VM: Java HotSpot(TM) 64-Bit Server VM (25.181-b13 mixed mode windows-amd64 compressed oops)
Heap:
 PSYoungGen      total 37376K, used 7679K [0x00000000eab00000, 0x00000000ed500000, 0x0000000100000000)
  eden space 31744K, 11% used [0x00000000eab00000,0x00000000eae8ae08,0x00000000eca00000)
  from space 5632K, 71% used [0x00000000ecf80000,0x00000000ed3751b8,0x00000000ed500000)
  to   space 5632K, 0% used [0x00000000eca00000,0x00000000eca00000,0x00000000ecf80000)
 ParOldGen       total 44032K, used 6618K [0x00000000c0000000, 0x00000000c2b00000, 0x00000000eab00000)
  object space 44032K, 15% used [0x00000000c0000000,0x00000000c06769a0,0x00000000c2b00000)
 Metaspace       used 18098K, capacity 18406K, committed 18688K, reserved 1064960K
  class space    used 2639K, capacity 2723K, committed 2816K, reserved 1048576K
GC Heap History (10 events):
Event: 21.344 GC heap before
{Heap before GC invocations=4 (full 0):
 PSYoungGen      total 18944K, used 18932K [0x00000000eab00000, 0x00000000ec000000, 0x0000000100000000)
  eden space 16384K, 100% used [0x00000000eab00000,0x00000000ebb00000,0x00000000ebb00000)
  from space 2560K, 99% used [0x00000000ebb00000,0x00000000ebd7d398,0x00000000ebd80000)
  to   space 2560K, 0% used [0x00000000ebd80000,0x00000000ebd80000,0x00000000ec000000)
 ParOldGen       total 44032K, used 676K [0x00000000c0000000, 0x00000000c2b00000, 0x00000000eab00000)
  object space 44032K, 1% used [0x00000000c0000000,0x00000000c00a9070,0x00000000c2b00000)
 Metaspace       used 11059K, capacity 11338K, committed 11648K, reserved 1058816K
  class space    used 1494K, capacity 1583K, committed 1664K, reserved 1048576K
Event: 21.368 GC heap after
Heap after GC invocations=4 (full 0):
 PSYoungGen      total 18944K, used 2544K [0x00000000eab00000, 0x00000000ec000000, 0x0000000100000000)
  eden space 16384K, 0% used [0x00000000eab00000,0x00000000eab00000,0x00000000ebb00000)
  from space 2560K, 99% used [0x00000000ebd80000,0x00000000ebffc030,0x00000000ec000000)
  to   space 2560K, 0% used [0x00000000ebb00000,0x00000000ebb00000,0x00000000ebd80000)
 ParOldGen       total 44032K, used 2847K [0x00000000c0000000, 0x00000000c2b00000, 0x00000000eab00000)
  object space 44032K, 6% used [0x00000000c0000000,0x00000000c02c7da8,0x00000000c2b00000)
 Metaspace       used 11059K, capacity 11338K, committed 11648K, reserved 1058816K
  class space    used 1494K, capacity 1583K, committed 1664K, reserved 1048576K
}
Event: 22.571 GC heap before
{Heap before GC invocations=5 (full 0):
 PSYoungGen      total 18944K, used 18928K [0x00000000eab00000, 0x00000000ec000000, 0x0000000100000000)
  eden space 16384K, 100% used [0x00000000eab00000,0x00000000ebb00000,0x00000000ebb00000)
  from space 2560K, 99% used [0x00000000ebd80000,0x00000000ebffc030,0x00000000ec000000)
  to   space 2560K, 0% used [0x00000000ebb00000,0x00000000ebb00000,0x00000000ebd80000)
 ParOldGen       total 44032K, used 2847K [0x00000000c0000000, 0x00000000c2b00000, 0x00000000eab00000)
  object space 44032K, 6% used [0x00000000c0000000,0x00000000c02c7da8,0x00000000c2b00000)
 Metaspace       used 13095K, capacity 13406K, committed 13568K, reserved 1060864K
  class space    used 1822K, capacity 1953K, committed 2048K, reserved 1048576K
Event: 22.595 GC heap after
Heap after GC invocations=5 (full 0):
 PSYoungGen      total 18944K, used 2544K [0x00000000eab00000, 0x00000000ec500000, 0x0000000100000000)
  eden space 16384K, 0% used [0x00000000eab00000,0x00000000eab00000,0x00000000ebb00000)
  from space 2560K, 99% used [0x00000000ebb00000,0x00000000ebd7c030,0x00000000ebd80000)
  to   space 5120K, 0% used [0x00000000ec000000,0x00000000ec000000,0x00000000ec500000)
 ParOldGen       total 44032K, used 4735K [0x00000000c0000000, 0x00000000c2b00000, 0x00000000eab00000)
  object space 44032K, 10% used [0x00000000c0000000,0x00000000c049fe00,0x00000000c2b00000)
 Metaspace       used 13095K, capacity 13406K, committed 13568K, reserved 1060864K
  class space    used 1822K, capacity 1953K, committed 2048K, reserved 1048576K
}
Event: 22.886 GC heap before
{Heap before GC invocations=6 (full 0):
 PSYoungGen      total 18944K, used 18928K [0x00000000eab00000, 0x00000000ec500000, 0x0000000100000000)
  eden space 16384K, 100% used [0x00000000eab00000,0x00000000ebb00000,0x00000000ebb00000)
  from space 2560K, 99% used [0x00000000ebb00000,0x00000000ebd7c030,0x00000000ebd80000)
  to   space 5120K, 0% used [0x00000000ec000000,0x00000000ec000000,0x00000000ec500000)
 ParOldGen       total 44032K, used 4735K [0x00000000c0000000, 0x00000000c2b00000, 0x00000000eab00000)
  object space 44032K, 10% used [0x00000000c0000000,0x00000000c049fe00,0x00000000c2b00000)
 Metaspace       used 14505K, capacity 14784K, committed 15104K, reserved 1062912K
  class space    used 2074K, capacity 2178K, committed 2304K, reserved 1048576K
Event: 22.903 GC heap after
Heap after GC invocations=6 (full 0):
 PSYoungGen      total 20992K, used 4490K [0x00000000eab00000, 0x00000000ed600000, 0x0000000100000000)
  eden space 15872K, 0% used [0x00000000eab00000,0x00000000eab00000,0x00000000eba80000)
  from space 5120K, 87% used [0x00000000ec000000,0x00000000ec462b58,0x00000000ec500000)
  to   space 5632K, 0% used [0x00000000eba80000,0x00000000eba80000,0x00000000ec000000)
 ParOldGen       total 44032K, used 4735K [0x00000000c0000000, 0x00000000c2b00000, 0x00000000eab00000)
  object space 44032K, 10% used [0x00000000c0000000,0x00000000c049fe00,0x00000000c2b00000)
 Metaspace       used 14505K, capacity 14784K, committed 15104K, reserved 1062912K
  class space    used 2074K, capacity 2178K, committed 2304K, reserved 1048576K
}
Event: 23.893 GC heap before
{Heap before GC invocations=7 (full 0):
 PSYoungGen      total 20992K, used 20362K [0x00000000eab00000, 0x00000000ed600000, 0x0000000100000000)
  eden space 15872K, 100% used [0x00000000eab00000,0x00000000eba80000,0x00000000eba80000)
  from space 5120K, 87% used [0x00000000ec000000,0x00000000ec462b58,0x00000000ec500000)
  to   space 5632K, 0% used [0x00000000eba80000,0x00000000eba80000,0x00000000ec000000)
 ParOldGen       total 44032K, used 4735K [0x00000000c0000000, 0x00000000c2b00000, 0x00000000eab00000)
  object space 44032K, 10% used [0x00000000c0000000,0x00000000c049fe00,0x00000000c2b00000)
 Metaspace       used 15965K, capacity 16288K, committed 16384K, reserved 1062912K
  class space    used 2325K, capacity 2466K, committed 2560K, reserved 1048576K
Event: 23.937 GC heap after
Heap after GC invocations=7 (full 0):
 PSYoungGen      total 21504K, used 4017K [0x00000000eab00000, 0x00000000ed500000, 0x0000000100000000)
  eden space 15872K, 0% used [0x00000000eab00000,0x00000000eab00000,0x00000000eba80000)
  from space 5632K, 71% used [0x00000000eba80000,0x00000000ebe6c698,0x00000000ec000000)
  to   space 5632K, 0% used [0x00000000ecf80000,0x00000000ecf80000,0x00000000ed500000)
 ParOldGen       total 44032K, used 5754K [0x00000000c0000000, 0x00000000c2b00000, 0x00000000eab00000)
  object space 44032K, 13% used [0x00000000c0000000,0x00000000c059e940,0x00000000c2b00000)
 Metaspace       used 15965K, capacity 16288K, committed 16384K, reserved 1062912K
  class space    used 2325K, capacity 2466K, committed 2560K, reserved 1048576K
}
Event: 24.401 GC heap before
{Heap before GC invocations=8 (full 0):
 PSYoungGen      total 21504K, used 19889K [0x00000000eab00000, 0x00000000ed500000, 0x0000000100000000)
  eden space 15872K, 100% used [0x00000000eab00000,0x00000000eba80000,0x00000000eba80000)
  from space 5632K, 71% used [0x00000000eba80000,0x00000000ebe6c698,0x00000000ec000000)
  to   space 5632K, 0% used [0x00000000ecf80000,0x00000000ecf80000,0x00000000ed500000)
 ParOldGen       total 44032K, used 5754K [0x00000000c0000000, 0x00000000c2b00000, 0x00000000eab00000)
  object space 44032K, 13% used [0x00000000c0000000,0x00000000c059e940,0x00000000c2b00000)
 Metaspace       used 17868K, capacity 18182K, committed 18432K, reserved 1064960K
  class space    used 2598K, capacity 2691K, committed 2816K, reserved 1048576K
Event: 24.416 GC heap after
Heap after GC invocations=8 (full 0):
 PSYoungGen      total 37376K, used 4052K [0x00000000eab00000, 0x00000000ed500000, 0x0000000100000000)
  eden space 31744K, 0% used [0x00000000eab00000,0x00000000eab00000,0x00000000eca00000)
  from space 5632K, 71% used [0x00000000ecf80000,0x00000000ed3751b8,0x00000000ed500000)
  to   space 5632K, 0% used [0x00000000eca00000,0x00000000eca00000,0x00000000ecf80000)
 ParOldGen       total 44032K, used 6618K [0x00000000c0000000, 0x00000000c2b00000, 0x00000000eab00000)
  object space 44032K, 15% used [0x00000000c0000000,0x00000000c06769a0,0x00000000c2b00000)
 Metaspace       used 17868K, capacity 18182K, committed 18432K, reserved 1064960K
  class space    used 2598K, capacity 2691K, committed 2816K, reserved 1048576K
}

