# JRE version: Java(TM) SE Runtime Environment (8.0_181-b13) (build 1.8.0_181-b13)
# Java VM: Java HotSpot(TM) 64-Bit Server VM (25.181-b13 mixed mode windows-amd64 compressed oops)
Heap:
 PSYoungGen      total 305664K, used 150285K [0x00000000eab00000, 0x0000000100000000, 0x0000000100000000)
  eden space 282112K, 53% used [0x00000000eab00000,0x00000000f3dc35c0,0x00000000fbe80000)
  from space 23552K, 0% used [0x00000000fbe80000,0x00000000fbe80000,0x00000000fd580000)
  to   space 22528K, 0% used [0x00000000fea00000,0x00000000fea00000,0x0000000100000000)
 ParOldGen       total 70144K, used 64861K [0x00000000c0000000, 0x00000000c4480000, 0x00000000eab00000)
  object space 70144K, 92% used [0x00000000c0000000,0x00000000c3f57418,0x00000000c4480000)
 Metaspace       used 86411K, capacity 90324K, committed 90800K, reserved 1128448K
  class space    used 11053K, capacity 11845K, committed 11952K, reserved 1048576K
GC Heap History (10 events):
Event: 6103.506 GC heap before
{Heap before GC invocations=22 (full 3):
 PSYoungGen      total 251392K, used 241937K [0x00000000eab00000, 0x00000000fb800000, 0x0000000100000000)
  eden space 237568K, 100% used [0x00000000eab00000,0x00000000f9300000,0x00000000f9300000)
  from space 13824K, 31% used [0x00000000faa80000,0x00000000faec46a8,0x00000000fb800000)
  to   space 18944K, 0% used [0x00000000f9300000,0x00000000f9300000,0x00000000fa580000)
 ParOldGen       total 70144K, used 46974K [0x00000000c0000000, 0x00000000c4480000, 0x00000000eab00000)
  object space 70144K, 66% used [0x00000000c0000000,0x00000000c2ddf9f8,0x00000000c4480000)
 Metaspace       used 75577K, capacity 78228K, committed 78384K, reserved 1118208K
  class space    used 9841K, capacity 10479K, committed 10544K, reserved 1048576K
Event: 6103.561 GC heap after
Heap after GC invocations=22 (full 3):
 PSYoungGen      total 256512K, used 8519K [0x00000000eab00000, 0x00000000fe900000, 0x0000000100000000)
  eden space 237568K, 0% used [0x00000000eab00000,0x00000000eab00000,0x00000000f9300000)
  from space 18944K, 44% used [0x00000000f9300000,0x00000000f9b51c00,0x00000000fa580000)
  to   space 18432K, 0% used [0x00000000fd700000,0x00000000fd700000,0x00000000fe900000)
 ParOldGen       total 70144K, used 48611K [0x00000000c0000000, 0x00000000c4480000, 0x00000000eab00000)
  object space 70144K, 69% used [0x00000000c0000000,0x00000000c2f78e38,0x00000000c4480000)
 Metaspace       used 75577K, capacity 78228K, committed 78384K, reserved 1118208K
  class space    used 9841K, capacity 10479K, committed 10544K, reserved 1048576K
}
Event: 6347.736 GC heap before
{Heap before GC invocations=23 (full 3):
 PSYoungGen      total 256512K, used 246087K [0x00000000eab00000, 0x00000000fe900000, 0x0000000100000000)
  eden space 237568K, 100% used [0x00000000eab00000,0x00000000f9300000,0x00000000f9300000)
  from space 18944K, 44% used [0x00000000f9300000,0x00000000f9b51c00,0x00000000fa580000)
  to   space 18432K, 0% used [0x00000000fd700000,0x00000000fd700000,0x00000000fe900000)
 ParOldGen       total 70144K, used 48611K [0x00000000c0000000, 0x00000000c4480000, 0x00000000eab00000)
  object space 70144K, 69% used [0x00000000c0000000,0x00000000c2f78e38,0x00000000c4480000)
 Metaspace       used 76812K, capacity 79644K, committed 79792K, reserved 1118208K
  class space    used 9938K, capacity 10633K, committed 10672K, reserved 1048576K
Event: 6347.866 GC heap after
Heap after GC invocations=23 (full 3):
 PSYoungGen      total 300544K, used 18413K [0x00000000eab00000, 0x00000000fec80000, 0x0000000100000000)
  eden space 282112K, 0% used [0x00000000eab00000,0x00000000eab00000,0x00000000fbe80000)
  from space 18432K, 99% used [0x00000000fd700000,0x00000000fe8fb5f0,0x00000000fe900000)
  to   space 23552K, 0% used [0x00000000fbe80000,0x00000000fbe80000,0x00000000fd580000)
 ParOldGen       total 70144K, used 55211K [0x00000000c0000000, 0x00000000c4480000, 0x00000000eab00000)
  object space 70144K, 78% used [0x00000000c0000000,0x00000000c35eafd0,0x00000000c4480000)
 Metaspace       used 76812K, capacity 79644K, committed 79792K, reserved 1118208K
  class space    used 9938K, capacity 10633K, committed 10672K, reserved 1048576K
}
Event: 6690.517 GC heap before
{Heap before GC invocations=24 (full 3):
 PSYoungGen      total 300544K, used 300079K [0x00000000eab00000, 0x00000000fec80000, 0x0000000100000000)
  eden space 282112K, 99% used [0x00000000eab00000,0x00000000fbe10900,0x00000000fbe80000)
  from space 18432K, 99% used [0x00000000fd700000,0x00000000fe8fb5f0,0x00000000fe900000)
  to   space 23552K, 0% used [0x00000000fbe80000,0x00000000fbe80000,0x00000000fd580000)
 ParOldGen       total 70144K, used 55211K [0x00000000c0000000, 0x00000000c4480000, 0x00000000eab00000)
  object space 70144K, 78% used [0x00000000c0000000,0x00000000c35eafd0,0x00000000c4480000)
 Metaspace       used 77685K, capacity 81118K, committed 81200K, reserved 1120256K
  class space    used 10020K, capacity 10780K, committed 10800K, reserved 1048576K
Event: 6690.611 GC heap after
Heap after GC invocations=24 (full 3):
 PSYoungGen      total 305664K, used 9897K [0x00000000eab00000, 0x0000000100000000, 0x0000000100000000)
  eden space 282112K, 0% used [0x00000000eab00000,0x00000000eab00000,0x00000000fbe80000)
  from space 23552K, 42% used [0x00000000fbe80000,0x00000000fc82a7b8,0x00000000fd580000)
  to   space 22528K, 0% used [0x00000000fea00000,0x00000000fea00000,0x0000000100000000)
 ParOldGen       total 70144K, used 65723K [0x00000000c0000000, 0x00000000c4480000, 0x00000000eab00000)
  object space 70144K, 93% used [0x00000000c0000000,0x00000000c402ef80,0x00000000c4480000)
 Metaspace       used 77685K, capacity 81118K, committed 81200K, reserved 1120256K
  class space    used 10020K, capacity 10780K, committed 10800K, reserved 1048576K
}
Event: 6690.612 GC heap before
{Heap before GC invocations=25 (full 4):
 PSYoungGen      total 305664K, used 9897K [0x00000000eab00000, 0x0000000100000000, 0x0000000100000000)
  eden space 282112K, 0% used [0x00000000eab00000,0x00000000eab00000,0x00000000fbe80000)
  from space 23552K, 42% used [0x00000000fbe80000,0x00000000fc82a7b8,0x00000000fd580000)
  to   space 22528K, 0% used [0x00000000fea00000,0x00000000fea00000,0x0000000100000000)
 ParOldGen       total 70144K, used 65723K [0x00000000c0000000, 0x00000000c4480000, 0x00000000eab00000)
  object space 70144K, 93% used [0x00000000c0000000,0x00000000c402ef80,0x00000000c4480000)
 Metaspace       used 77685K, capacity 81118K, committed 81200K, reserved 1120256K
  class space    used 10020K, capacity 10780K, committed 10800K, reserved 1048576K
Event: 6692.259 GC heap after
Heap after GC invocations=25 (full 4):
 PSYoungGen      total 305664K, used 0K [0x00000000eab00000, 0x0000000100000000, 0x0000000100000000)
  eden space 282112K, 0% used [0x00000000eab00000,0x00000000eab00000,0x00000000fbe80000)
  from space 23552K, 0% used [0x00000000fbe80000,0x00000000fbe80000,0x00000000fd580000)
  to   space 22528K, 0% used [0x00000000fea00000,0x00000000fea00000,0x0000000100000000)
 ParOldGen       total 70144K, used 57990K [0x00000000c0000000, 0x00000000c4480000, 0x00000000eab00000)
  object space 70144K, 82% used [0x00000000c0000000,0x00000000c38a1800,0x00000000c4480000)
 Metaspace       used 77357K, capacity 80496K, committed 81200K, reserved 1120256K
  class space    used 9949K, capacity 10623K, committed 10800K, reserved 1048576K
}
Event: 6827.343 GC heap before
{Heap before GC invocations=26 (full 5):
 PSYoungGen      total 305664K, used 282112K [0x00000000eab00000, 0x0000000100000000, 0x0000000100000000)
  eden space 282112K, 100% used [0x00000000eab00000,0x00000000fbe80000,0x00000000fbe80000)
  from space 23552K, 0% used [0x00000000fbe80000,0x00000000fbe80000,0x00000000fd580000)
  to   space 22528K, 0% used [0x00000000fea00000,0x00000000fea00000,0x0000000100000000)
 ParOldGen       total 70144K, used 57990K [0x00000000c0000000, 0x00000000c4480000, 0x00000000eab00000)
  object space 70144K, 82% used [0x00000000c0000000,0x00000000c38a1800,0x00000000c4480000)
 Metaspace       used 85095K, capacity 89132K, committed 89520K, reserved 1126400K
  class space    used 10996K, capacity 11813K, committed 11952K, reserved 1048576K
Event: 6827.889 GC heap after
Heap after GC invocations=26 (full 5):
 PSYoungGen      total 305664K, used 0K [0x00000000eab00000, 0x0000000100000000, 0x0000000100000000)
  eden space 282112K, 0% used [0x00000000eab00000,0x00000000eab00000,0x00000000fbe80000)
  from space 23552K, 0% used [0x00000000fbe80000,0x00000000fbe80000,0x00000000fd580000)
  to   space 22528K, 0% used [0x00000000fea00000,0x00000000fea00000,0x0000000100000000)
 ParOldGen       total 70144K, used 64861K [0x00000000c0000000, 0x00000000c4480000, 0x00000000eab00000)
  object space 70144K, 92% used [0x00000000c0000000,0x00000000c3f57418,0x00000000c4480000)
 Metaspace       used 84978K, capacity 88830K, committed 89520K, reserved 1126400K
  class space    used 10955K, capacity 11742K, committed 11952K, reserved 1048576K
}

